[INFO] Main:: Run started at 2022-03-03 16:45:13.732316
[INFO] Main:: Run started at 2022-03-03 16:45:50.728194
[INFO] Main:: Loading Oscar metadata...Generator Version 1.0
[INFO] Main:: Run started at 2022-03-03 16:50:08.653059
[INFO] Main:: Loading Oscar metadata...Generator Version 1.0
[INFO] Main:: Run started at 2022-03-03 16:52:37.338210
[INFO] Main:: Loading Oscar metadata...Generator Version 1.0
[INFO] Main:: Run started at 2022-03-03 16:53:34.853401
[INFO] Main:: Loading Oscar metadata...Generator Version 1.0
[INFO] Main:: Run started at 2022-03-03 16:55:08.334522
[INFO] Main:: Loading Oscar metadata...Generator Version 1.0
[INFO] Main:: Starting Oscar code generation...Generator Version 1.0
[INFO] ProcessAppFiles:: Beginning application files processing...
[INFO] ProcessAppFiles:: Processing file: Sample
[INFO] Main:: Run started at 2022-03-03 16:59:24.686178
[INFO] Main:: Loading Oscar metadata...Generator Version 1.0
[INFO] Main:: Starting Oscar code generation...Generator Version 1.0
[INFO] ProcessAppFiles:: Beginning application files processing...
[INFO] ProcessAppFiles:: Processing file: Sample
[INFO] Main:: Run started at 2022-03-03 17:01:25.672171
[INFO] Main:: Loading Oscar metadata...Generator Version 1.0
[INFO] Main:: Starting Oscar code generation...Generator Version 1.0
[INFO] ProcessAppFiles:: Beginning application files processing...
[INFO] ProcessAppFiles:: Processing file: Sample
[INFO] Main:: Run started at 2022-03-03 17:01:51.736931
[INFO] Main:: Loading Oscar metadata...Generator Version 1.0
[INFO] Main:: Starting Oscar code generation...Generator Version 1.0
[INFO] ProcessAppFiles:: Beginning application files processing...
[INFO] ProcessAppFiles:: Processing file: Sample
[INFO] Main:: Run started at 2022-03-03 17:02:10.214349
[INFO] Main:: Loading Oscar metadata...Generator Version 1.0
[INFO] Main:: Starting Oscar code generation...Generator Version 1.0
[INFO] ProcessAppFiles:: Beginning application files processing...
[INFO] ProcessAppFiles:: Processing file: Sample
[INFO] Main:: Run started at 2022-03-03 17:02:28.584617
[INFO] Main:: Loading Oscar metadata...Generator Version 1.0
[INFO] Main:: Starting Oscar code generation...Generator Version 1.0
[INFO] ProcessAppFiles:: Beginning application files processing...
[INFO] ProcessAppFiles:: Processing file: Sample
[INFO] Main:: Run started at 2022-03-03 17:03:15.175578
[INFO] Main:: Loading Oscar metadata...Generator Version 1.0
[INFO] Main:: Starting Oscar code generation...Generator Version 1.0
[INFO] ProcessAppFiles:: Beginning application files processing...
[INFO] ProcessAppFiles:: Processing file: Sample
[INFO] Main:: Run started at 2022-03-03 17:03:41.443507
[INFO] Main:: Loading Oscar metadata...Generator Version 1.0
[INFO] Main:: Starting Oscar code generation...Generator Version 1.0
[INFO] ProcessAppFiles:: Beginning application files processing...
[INFO] ProcessAppFiles:: Processing file: Sample
[INFO] Main:: Run started at 2022-03-04 08:12:09.587325
[INFO] Main:: Loading Oscar metadata...Generator Version 1.0
[INFO] Main:: Run started at 2022-03-04 15:17:10.883772
[INFO] Main:: Loading Oscar metadata...Generator Version 1.0
[INFO] Main:: Starting Oscar code generation...Generator Version 1.0
[INFO] ProcessAppFiles:: Beginning application files processing...
[INFO] ProcessAppFiles:: Processing file: Sample
[INFO] Main:: Run started at 2022-03-04 15:34:11.668342
[INFO] Main:: Loading Oscar metadata...Generator Version 1.0
[INFO] Main:: Starting Oscar code generation...Generator Version 1.0
[INFO] ProcessAppFiles:: Beginning application files processing...
[INFO] ProcessAppFiles:: Processing file: Sample
[INFO] Main:: Run started at 2022-03-04 15:41:22.406218
[INFO] Main:: Loading Oscar metadata...Generator Version 1.0
[INFO] Main:: Starting Oscar code generation...Generator Version 1.0
[INFO] ProcessAppFiles:: Beginning application files processing...
[INFO] ProcessAppFiles:: Processing file: Sample
[INFO] Main:: Run started at 2022-03-04 15:42:14.362714
[INFO] Main:: Loading Oscar metadata...Generator Version 1.0
[INFO] Main:: Starting Oscar code generation...Generator Version 1.0
[INFO] ProcessAppFiles:: Beginning application files processing...
[INFO] ProcessAppFiles:: Processing file: Sample
[INFO] Main:: Run started at 2022-03-04 15:42:55.477532
[INFO] Main:: Loading Oscar metadata...Generator Version 1.0
[INFO] Main:: Starting Oscar code generation...Generator Version 1.0
[INFO] ProcessAppFiles:: Beginning application files processing...
[INFO] ProcessAppFiles:: Processing file: Sample
[INFO] Main:: Run started at 2022-03-04 15:52:06.402999
[INFO] Main:: Loading Oscar metadata...Generator Version 1.0
[INFO] Main:: Starting Oscar code generation...Generator Version 1.0
[INFO] ProcessAppFiles:: Beginning application files processing...
[INFO] ProcessAppFiles:: Processing file: Sample
[INFO] ProcessAppFiles:: Processing file: Sample Template
[INFO] Main:: Run started at 2022-03-04 15:54:38.629826
[INFO] Main:: Loading Oscar metadata...Generator Version 1.0
[INFO] Main:: Starting Oscar code generation...Generator Version 1.0
[INFO] ProcessAppFiles:: Beginning application files processing...
[INFO] ProcessAppFiles:: Processing file: Sample
[INFO] ProcessAppFiles:: Processing file: Sample Template
[INFO] Main:: Finishing Oscar code generation...Generator Version 1.0
[INFO] Main:: Run ended at 2022-03-04 15:54:38.642404
[INFO] Main:: Run started at 2022-03-04 15:58:38.497022
[INFO] Main:: Loading Oscar metadata...Generator Version 1.0
[INFO] Main:: Starting Oscar code generation...Generator Version 1.0
[INFO] ProcessAppFiles:: Beginning application files processing...
[INFO] ProcessAppFiles:: Processing file: Sample
[INFO] ProcessAppFiles:: Processing file: Sample Template
[INFO] Main:: Finishing Oscar code generation...Generator Version 1.0
[INFO] Main:: Run ended at 2022-03-04 15:58:38.501023
[INFO] Main:: Run started at 2022-03-04 16:02:11.372283
[INFO] Main:: Loading Oscar metadata...Generator Version 1.0
[INFO] Main:: Starting Oscar code generation...Generator Version 1.0
[INFO] ProcessAppFiles:: Beginning application files processing...
[INFO] ProcessAppFiles:: Processing file: Sample
[INFO] Main:: Run started at 2022-03-04 16:06:58.486306
[INFO] Main:: Loading Oscar metadata...Generator Version 1.0
[INFO] Main:: Starting Oscar code generation...Generator Version 1.0
[INFO] ProcessAppFiles:: Beginning application files processing...
[INFO] ProcessAppFiles:: Processing file: Sample
[INFO] ProcessAppFiles:: Processing file: Sample Template
[INFO] Main:: Finishing Oscar code generation...Generator Version 1.0
[INFO] Main:: Run ended at 2022-03-04 16:06:58.490442
[INFO] Main:: Run started at 2022-03-04 16:07:43.822320
[INFO] Main:: Loading Oscar metadata...Generator Version 1.0
[INFO] Main:: Starting Oscar code generation...Generator Version 1.0
[INFO] ProcessAppFiles:: Beginning application files processing...
[INFO] ProcessAppFiles:: Processing file: Sample
[INFO] ProcessAppFiles:: Processing file: Sample Template
[INFO] Main:: Finishing Oscar code generation...Generator Version 1.0
[INFO] Main:: Run ended at 2022-03-04 16:07:43.826322
[INFO] Main:: Run started at 2022-03-04 17:23:02.390252
[INFO] Main:: Loading Oscar metadata...Generator Version 1.0
[INFO] Main:: Starting Oscar code generation...Generator Version 1.0
[INFO] ProcessAppFiles:: Beginning application files processing...
[INFO] ProcessAppFiles:: Processing file: Sample
[INFO] ProcessAppFiles:: Processing file: Sample Template
[INFO] Main:: Finishing Oscar code generation...Generator Version 1.0
[INFO] Main:: Run ended at 2022-03-04 17:23:02.394253
[INFO] Main:: Run started at 2022-03-04 17:26:42.083195
[INFO] Main:: Loading Oscar metadata...Generator Version 1.0
[INFO] Main:: Starting Oscar code generation...Generator Version 1.0
[INFO] ProcessAppFiles:: Beginning application files processing...
[INFO] ProcessAppFiles:: Processing file: Sample
[INFO] ProcessAppFiles:: Processing file: Sample Template
[INFO] Main:: Finishing Oscar code generation...Generator Version 1.0
[INFO] Main:: Run ended at 2022-03-04 17:26:42.087195
[INFO] Main:: Run started at 2022-03-04 17:29:33.761926
[INFO] Main:: Loading Oscar metadata...Generator Version 1.0
[INFO] Main:: Starting Oscar code generation...Generator Version 1.0
[INFO] ProcessAppFiles:: Beginning application files processing...
[INFO] ProcessAppFiles:: Processing file: Sample
[INFO] ProcessAppFiles:: Processing file: Sample Template
[INFO] Main:: Finishing Oscar code generation...Generator Version 1.0
[INFO] Main:: Run ended at 2022-03-04 17:29:33.765927
[INFO] Main:: Run started at 2022-03-04 17:31:49.089171
[INFO] Main:: Loading Oscar metadata...Generator Version 1.0
[INFO] Main:: Starting Oscar code generation...Generator Version 1.0
[INFO] ProcessAppFiles:: Beginning application files processing...
[INFO] ProcessAppFiles:: Processing file: Sample
[INFO] ProcessAppFiles:: Processing file: Sample Template
[INFO] Main:: Finishing Oscar code generation...Generator Version 1.0
[INFO] Main:: Run ended at 2022-03-04 17:31:49.092196
[INFO] Main:: Run started at 2022-03-04 17:32:22.738190
[INFO] Main:: Loading Oscar metadata...Generator Version 1.0
[INFO] Main:: Starting Oscar code generation...Generator Version 1.0
[INFO] ProcessAppFiles:: Beginning application files processing...
[INFO] ProcessAppFiles:: Processing file: Sample
[INFO] ProcessAppFiles:: Processing file: Sample Template
[INFO] Main:: Finishing Oscar code generation...Generator Version 1.0
[INFO] Main:: Run ended at 2022-03-04 17:32:22.742188
[INFO] Main:: Run started at 2022-03-04 17:34:49.296619
[INFO] Main:: Loading Oscar metadata...Generator Version 1.0
[INFO] Main:: Starting Oscar code generation...Generator Version 1.0
[INFO] ProcessAppFiles:: Beginning application files processing...
[INFO] ProcessAppFiles:: Processing file: Sample
[INFO] ProcessAppFiles:: Processing file: Sample Template
[INFO] Main:: Finishing Oscar code generation...Generator Version 1.0
[INFO] Main:: Run ended at 2022-03-04 17:34:49.312618
[INFO] Main:: Run started at 2022-03-05 01:18:43.115700
[INFO] Main:: Loading Oscar metadata...Generator Version 1.0
[INFO] Main:: Starting Oscar code generation...Generator Version 1.0
[INFO] ProcessAppFiles:: Beginning application files processing...
[INFO] ProcessAppFiles:: Processing file: Sample
[INFO] ProcessAppFiles:: Processing file: Sample Template
[INFO] Main:: Finishing Oscar code generation...Generator Version 1.0
[INFO] Main:: Run ended at 2022-03-05 01:18:43.132665
[INFO] Main:: Run started at 2022-03-05 01:19:19.035490
[INFO] Main:: Loading Oscar metadata...Generator Version 1.0
[INFO] Main:: Starting Oscar code generation...Generator Version 1.0
[INFO] ProcessAppFiles:: Beginning application files processing...
[INFO] ProcessAppFiles:: Processing file: Sample
[INFO] ProcessAppFiles:: Processing file: Sample Template
[INFO] Main:: Finishing Oscar code generation...Generator Version 1.0
[INFO] Main:: Run ended at 2022-03-05 01:19:19.040490
[INFO] Main:: Run started at 2022-03-05 01:20:52.169801
[INFO] Main:: Loading Oscar metadata...Generator Version 1.0
[INFO] Main:: Starting Oscar code generation...Generator Version 1.0
[INFO] ProcessAppFiles:: Beginning application files processing...
[INFO] ProcessAppFiles:: Processing file: Sample
[INFO] ProcessAppFiles:: Processing file: Sample Template
[INFO] Main:: Finishing Oscar code generation...Generator Version 1.0
[INFO] Main:: Run ended at 2022-03-05 01:20:52.174802
[INFO] Main:: Run started at 2022-03-05 01:23:04.990754
[INFO] Main:: Loading Oscar metadata...Generator Version 1.0
[INFO] Main:: Starting Oscar code generation...Generator Version 1.0
[INFO] ProcessAppFiles:: Beginning application files processing...
[INFO] ProcessAppFiles:: Processing file: Sample
[INFO] ProcessAppFiles:: Processing file: Sample Template
[INFO] Main:: Finishing Oscar code generation...Generator Version 1.0
[INFO] Main:: Run ended at 2022-03-05 01:23:04.997759
[INFO] Main:: Run started at 2022-03-05 01:50:29.664107
[INFO] Main:: Loading Oscar metadata...Generator Version 1.0
[INFO] Main:: Starting Oscar code generation...Generator Version 1.0
[INFO] ProcessAppFiles:: Beginning application files processing...
[INFO] ProcessAppFiles:: Processing file: Sample
[INFO] ProcessAppFiles:: Processing file: Sample Template
[INFO] Main:: Finishing Oscar code generation...Generator Version 1.0
[INFO] Main:: Run ended at 2022-03-05 01:50:29.671106
[INFO] Main:: Run started at 2022-03-05 01:52:21.462826
[INFO] Main:: Loading Oscar metadata...Generator Version 1.0
[INFO] Main:: Starting Oscar code generation...Generator Version 1.0
[INFO] ProcessAppFiles:: Beginning application files processing...
[INFO] ProcessAppFiles:: Processing file: Sample
[INFO] ProcessAppFiles:: Processing file: Sample Template
[INFO] Main:: Finishing Oscar code generation...Generator Version 1.0
[INFO] Main:: Run ended at 2022-03-05 01:52:21.468828
[INFO] Main:: Run started at 2022-03-05 01:53:42.045662
[INFO] Main:: Loading Oscar metadata...Generator Version 1.0
[INFO] Main:: Starting Oscar code generation...Generator Version 1.0
[INFO] ProcessAppFiles:: Beginning application files processing...
[INFO] ProcessAppFiles:: Processing file: Sample
[INFO] ProcessAppFiles:: Processing file: Sample Template
[INFO] Main:: Finishing Oscar code generation...Generator Version 1.0
[INFO] Main:: Run ended at 2022-03-05 01:53:42.050649
[INFO] Main:: Run started at 2022-03-05 01:54:26.235583
[INFO] Main:: Loading Oscar metadata...Generator Version 1.0
[INFO] Main:: Starting Oscar code generation...Generator Version 1.0
[INFO] ProcessAppFiles:: Beginning application files processing...
[INFO] ProcessAppFiles:: Processing file: Sample
[INFO] ProcessAppFiles:: Processing file: Sample Template
[INFO] Main:: Finishing Oscar code generation...Generator Version 1.0
[INFO] Main:: Run ended at 2022-03-05 01:54:26.239542
[INFO] Main:: Run started at 2022-03-05 01:56:01.258919
[INFO] Main:: Loading Oscar metadata...Generator Version 1.0
[INFO] Main:: Starting Oscar code generation...Generator Version 1.0
[INFO] ProcessAppFiles:: Beginning application files processing...
[INFO] ProcessAppFiles:: Processing file: Sample
[INFO] ProcessAppFiles:: Processing file: Sample Template
[INFO] Main:: Finishing Oscar code generation...Generator Version 1.0
[INFO] Main:: Run ended at 2022-03-05 01:56:01.263920
[INFO] Main:: Run started at 2022-03-05 16:03:36.645550
[INFO] Main:: Run started at 2022-03-05 16:11:19.413216
[INFO] Main:: Loading Oscar metadata...Generator Version 1.0
[INFO] Main:: Starting Oscar code generation...Generator Version 1.0
[INFO] ProcessAppFiles:: Beginning application files processing...
[INFO] ProcessAppFiles:: Processing file: Sample
[INFO] ProcessAppFiles:: Processing file: Sample Template
[INFO] Main:: Finishing Oscar code generation...Generator Version 1.0
[INFO] Main:: Run ended at 2022-03-05 16:25:19.509695
[INFO] Main:: Run started at 2022-03-05 16:32:31.807722
[INFO] Main:: Loading Oscar metadata...Generator Version 1.0
[INFO] Main:: Run started at 2022-03-05 16:35:23.976803
[INFO] Main:: Loading Oscar metadata...Generator Version 1.0
[INFO] Main:: Starting Oscar code generation...Generator Version 1.0
[INFO] ProcessAppFiles:: Beginning application files processing...
[INFO] ProcessAppFiles:: Processing file: Sample
[INFO] ProcessAppFiles:: Processing file: Sample Template
[INFO] Main:: Finishing Oscar code generation...Generator Version 1.0
[INFO] Main:: Run ended at 2022-03-05 16:37:21.198076
[INFO] Main:: Run started at 2022-03-05 16:39:14.907271
[INFO] Main:: Loading Oscar metadata...Generator Version 1.0
[INFO] Main:: Starting Oscar code generation...Generator Version 1.0
[INFO] ProcessAppFiles:: Beginning application files processing...
[INFO] ProcessAppFiles:: Processing file: Sample
[INFO] ProcessAppFiles:: Processing file: Sample Template
[INFO] Main:: Finishing Oscar code generation...Generator Version 1.0
[INFO] Main:: Run ended at 2022-03-05 16:39:33.290846
[INFO] Main:: Run started at 2022-03-05 16:54:01.639223
[INFO] Main:: Loading Oscar metadata...Generator Version 1.0
[INFO] Main:: Run started at 2022-03-05 16:54:24.160329
[INFO] Main:: Loading Oscar metadata...Generator Version 1.0
[INFO] Main:: Run started at 2022-03-05 16:54:55.828120
[INFO] Main:: Loading Oscar metadata...Generator Version 1.0
[INFO] Main:: Run started at 2022-03-05 16:55:15.289433
[INFO] Main:: Loading Oscar metadata...Generator Version 1.0
[INFO] Main:: Starting Oscar code generation...Generator Version 1.0
[INFO] ProcessAppFiles:: Beginning application files processing...
[INFO] ProcessAppFiles:: Processing file: Sample
[INFO] ProcessAppFiles:: Processing file: Sample Template
[INFO] Main:: Finishing Oscar code generation...Generator Version 1.0
[INFO] Main:: Run ended at 2022-03-05 16:55:15.326434
[INFO] Main:: Run started at 2022-03-05 16:57:41.101709
[INFO] Main:: Loading Oscar metadata...Generator Version 1.0
[INFO] Main:: Starting Oscar code generation...Generator Version 1.0
[INFO] ProcessAppFiles:: Beginning application files processing...
[INFO] ProcessAppFiles:: Processing file: Sample
[INFO] ProcessAppFiles:: Processing file: Sample Template
[INFO] Main:: Finishing Oscar code generation...Generator Version 1.0
[INFO] Main:: Run ended at 2022-03-05 16:57:41.124692
[INFO] Main:: Run started at 2022-03-05 16:59:45.550426
[INFO] Main:: Loading Oscar metadata...Generator Version 1.0
[INFO] Main:: Run started at 2022-03-05 17:05:21.223496
[INFO] Main:: Loading Oscar metadata...Generator Version 1.0
[INFO] Main:: Starting Oscar code generation...Generator Version 1.0
[INFO] ProcessAppFiles:: Beginning application files processing...
[INFO] ProcessAppFiles:: Processing file: Sample
[INFO] ProcessAppFiles:: Processing file: Sample Template
[INFO] Main:: Finishing Oscar code generation...Generator Version 1.0
[INFO] Main:: Run ended at 2022-03-05 17:05:26.231746
[INFO] Main:: Run started at 2022-03-05 17:09:56.813417
[INFO] Main:: Loading Oscar metadata...Generator Version 1.0
[INFO] Main:: Starting Oscar code generation...Generator Version 1.0
[INFO] ProcessAppFiles:: Beginning application files processing...
[INFO] ProcessAppFiles:: Processing file: Sample
[INFO] ProcessAppFiles:: Processing file: Sample Template
[INFO] Main:: Finishing Oscar code generation...Generator Version 1.0
[INFO] Main:: Run ended at 2022-03-05 17:09:56.839419
[INFO] Main:: Run started at 2022-03-05 17:10:52.655113
[INFO] Main:: Loading Oscar metadata...Generator Version 1.0
[INFO] Main:: Starting Oscar code generation...Generator Version 1.0
[INFO] ProcessAppFiles:: Beginning application files processing...
[INFO] ProcessAppFiles:: Processing file: Sample
[INFO] ProcessAppFiles:: Processing file: Sample Template
[INFO] Main:: Finishing Oscar code generation...Generator Version 1.0
[INFO] Main:: Run ended at 2022-03-05 17:10:52.681108
[INFO] Main:: Run started at 2022-03-05 17:12:24.452503
[INFO] Main:: Loading Oscar metadata...Generator Version 1.0
[INFO] Main:: Starting Oscar code generation...Generator Version 1.0
[INFO] ProcessAppFiles:: Beginning application files processing...
[INFO] ProcessAppFiles:: Processing file: Sample
[INFO] ProcessAppFiles:: Processing file: Sample Template
[INFO] Main:: Finishing Oscar code generation...Generator Version 1.0
[INFO] Main:: Run ended at 2022-03-05 17:12:24.472508
[INFO] Main:: Run started at 2022-03-05 17:12:49.871170
[INFO] Main:: Loading Oscar metadata...Generator Version 1.0
[INFO] Main:: Starting Oscar code generation...Generator Version 1.0
[INFO] ProcessAppFiles:: Beginning application files processing...
[INFO] ProcessAppFiles:: Processing file: Sample
[INFO] ProcessAppFiles:: Processing file: Sample Template
[INFO] Main:: Finishing Oscar code generation...Generator Version 1.0
[INFO] Main:: Run ended at 2022-03-05 17:12:49.896161
[INFO] Main:: Run started at 2022-03-05 17:13:06.690351
[INFO] Main:: Loading Oscar metadata...Generator Version 1.0
[INFO] Main:: Starting Oscar code generation...Generator Version 1.0
[INFO] ProcessAppFiles:: Beginning application files processing...
[INFO] ProcessAppFiles:: Processing file: Sample
[INFO] ProcessAppFiles:: Processing file: Sample Template
[INFO] Main:: Finishing Oscar code generation...Generator Version 1.0
[INFO] Main:: Run ended at 2022-03-05 17:14:00.762580
[INFO] Main:: Run started at 2022-03-06 00:06:38.230608
[INFO] Main:: Loading Oscar metadata...Generator Version 1.0
[INFO] Main:: Starting Oscar code generation...Generator Version 1.0
[INFO] ProcessAppFiles:: Beginning application files processing...
[INFO] ProcessAppFiles:: Processing file: Sample
[INFO] ProcessAppFiles:: Processing file: Sample Template
[INFO] Main:: Finishing Oscar code generation...Generator Version 1.0
[INFO] Main:: Run ended at 2022-03-06 00:06:38.235576
[INFO] Main:: Run started at 2022-03-06 00:09:19.232051
[INFO] Main:: Loading Oscar metadata...Generator Version 1.0
[INFO] Main:: Run started at 2022-03-06 00:20:35.828443
[INFO] Main:: Loading Oscar metadata...Generator Version 1.0
[INFO] Main:: Starting Oscar code generation...Generator Version 1.0
[INFO] ProcessAppFiles:: Beginning application files processing...
[INFO] ProcessAppFiles:: Processing file: Sample
[INFO] Main:: Run started at 2022-03-06 00:20:51.475407
[INFO] Main:: Loading Oscar metadata...Generator Version 1.0
[INFO] Main:: Starting Oscar code generation...Generator Version 1.0
[INFO] ProcessAppFiles:: Beginning application files processing...
[INFO] ProcessAppFiles:: Processing file: Sample
[INFO] ProcessAppFiles:: Processing file: Sample Template
[INFO] Main:: Finishing Oscar code generation...Generator Version 1.0
[INFO] Main:: Run ended at 2022-03-06 00:20:51.480410
[INFO] Main:: Run started at 2022-03-06 00:22:27.937267
[INFO] Main:: Loading Oscar metadata...Generator Version 1.0
[INFO] Main:: Starting Oscar code generation...Generator Version 1.0
[INFO] ProcessAppFiles:: Beginning application files processing...
[INFO] ProcessAppFiles:: Processing file: Sample
[INFO] ProcessAppFiles:: Processing file: Sample Template
[INFO] Main:: Finishing Oscar code generation...Generator Version 1.0
[INFO] Main:: Run ended at 2022-03-06 00:22:27.941265
[INFO] Main:: Run started at 2022-03-06 00:27:03.866637
[INFO] Main:: Loading Oscar metadata...Generator Version 1.0
[INFO] Main:: Starting Oscar code generation...Generator Version 1.0
[INFO] ProcessAppFiles:: Beginning application files processing...
[INFO] ProcessAppFiles:: Processing file: Sample
[INFO] ProcessAppFiles:: Processing file: Sample Template
[INFO] Main:: Finishing Oscar code generation...Generator Version 1.0
[INFO] Main:: Run ended at 2022-03-06 00:27:03.871630
[INFO] Main:: Run started at 2022-03-06 00:30:20.491054
[INFO] Main:: Loading Oscar metadata...Generator Version 1.0
[INFO] Main:: Starting Oscar code generation...Generator Version 1.0
[INFO] ProcessAppFiles:: Beginning application files processing...
[INFO] ProcessAppFiles:: Processing file: Sample
[INFO] ProcessAppFiles:: Processing file: Sample Template
[INFO] Main:: Finishing Oscar code generation...Generator Version 1.0
[INFO] Main:: Run ended at 2022-03-06 00:30:20.495051
